<?xml version="1.0" encoding="UTF-8"?>
<!-- Generated by org.testng.reporters.JUnitXMLReporter -->
<testsuite ignored="0" hostname="QuangHuy" failures="0" tests="3" name="Default test" time="4.993" errors="0" timestamp="2024-09-22T15:21:46 ICT">
  <testcase classname="hunre.it.product.RegistrationTest" name="testExistingUsername" time="0.817"/>
  <testcase classname="hunre.it.product.RegistrationTest" name="testSuccessfulRegistration" time="1.057"/>
  <testcase classname="hunre.it.product.RegistrationTest" name="testWeakPassword" time="0.765"/>
</testsuite> <!-- Default test -->
