<?xml version="1.0" encoding="UTF-8"?>
<testng-results ignored="0" total="3" passed="3" failed="0" skipped="0">
  <reporter-output>
  </reporter-output>
  <suite started-at="2024-09-22T15:21:41 ICT" name="Default suite" finished-at="2024-09-22T15:21:46 ICT" duration-ms="4993">
    <groups>
    </groups>
    <test started-at="2024-09-22T15:21:41 ICT" name="Default test" finished-at="2024-09-22T15:21:46 ICT" duration-ms="4993">
      <class name="hunre.it.product.RegistrationTest">
        <test-method is-config="true" signature="setUp()[pri:0, instance:hunre.it.product.RegistrationTest@771a660]" started-at="2024-09-22T15:21:41 ICT" name="setUp" finished-at="2024-09-22T15:21:43 ICT" duration-ms="1949" status="PASS">
          <reporter-output>
          </reporter-output>
        </test-method> <!-- setUp -->
        <test-method signature="testExistingUsername()[pri:0, instance:hunre.it.product.RegistrationTest@771a660]" started-at="2024-09-22T15:21:43 ICT" name="testExistingUsername" finished-at="2024-09-22T15:21:44 ICT" duration-ms="817" status="PASS">
          <reporter-output>
          </reporter-output>
        </test-method> <!-- testExistingUsername -->
        <test-method signature="testSuccessfulRegistration()[pri:0, instance:hunre.it.product.RegistrationTest@771a660]" started-at="2024-09-22T15:21:44 ICT" name="testSuccessfulRegistration" finished-at="2024-09-22T15:21:45 ICT" duration-ms="1057" status="PASS">
          <reporter-output>
          </reporter-output>
        </test-method> <!-- testSuccessfulRegistration -->
        <test-method signature="testWeakPassword()[pri:0, instance:hunre.it.product.RegistrationTest@771a660]" started-at="2024-09-22T15:21:45 ICT" name="testWeakPassword" finished-at="2024-09-22T15:21:46 ICT" duration-ms="765" status="PASS">
          <reporter-output>
          </reporter-output>
        </test-method> <!-- testWeakPassword -->
        <test-method is-config="true" signature="tearDown()[pri:0, instance:hunre.it.product.RegistrationTest@771a660]" started-at="2024-09-22T15:21:46 ICT" name="tearDown" finished-at="2024-09-22T15:21:46 ICT" duration-ms="338" status="PASS">
          <reporter-output>
          </reporter-output>
        </test-method> <!-- tearDown -->
      </class> <!-- hunre.it.product.RegistrationTest -->
    </test> <!-- Default test -->
  </suite> <!-- Default suite -->
</testng-results>
